0.1 -6.78544e-13 -0.0116928 5.48328e-13
0.2 -8.60717e-13 -0.0233985 7.62947e-13
0.3 -8.47489e-13 -0.0351169 7.33467e-13
0.4 -6.79225e-13 -0.0468483 5.78511e-13
0.5 -8.286e-13 -0.0585926 7.53786e-13
0.6 -1.1102e-12 -0.0703499 1.00614e-12
0.7 -1.26978e-12 -0.0821202 1.14851e-12
0.8 -1.56345e-12 -0.0939037 1.50323e-12
0.9 -1.41073e-12 -0.1057 1.35317e-12
1 -1.78709e-12 -0.11751 1.85875e-12
0.01 5.62069e-05 -0.11751 1.81831e-12
0.02 0.000222707 -0.11751 1.6883e-12
0.03 0.000435011 -0.11751 1.28308e-12
0.04 0.000623894 -0.11751 7.60057e-13
0.05 0.000776907 -0.117511 3.56718e-13
0.06 0.000883257 -0.117511 1.29091e-13
0.07 0.000934557 -0.117511 3.39588e-14
0.08 0.000927789 -0.117511 7.4426e-15
0.09 0.000865586 -0.117511 3.70649e-15
0.1 0.000753877 -0.117511 3.10836e-16
0.11 0.000599798 -0.117511 -1.06244e-14
0.12 0.000409439 -0.11751 -3.15684e-14
0.13 0.000185405 -0.11751 -6.39974e-14
0.14 -7.25728e-05 -0.11751 -1.08799e-13
0.15 -0.000363807 -0.11751 -1.65077e-13
0.16 -0.000684467 -0.11751 -2.29173e-13
0.17 -0.00102901 -0.11751 -2.94721e-13
0.18 -0.00139406 -0.117509 -3.53734e-13
0.19 -0.00178251 -0.117509 -3.98304e-13
0.2 -0.00220218 -0.117509 -4.22366e-13
0.21 -0.00266046 -0.117508 -4.22934e-13
0.22 -0.00316103 -0.117508 -4.005e-13
0.23 -0.00370372 -0.117508 -3.58561e-13
0.24 -0.00428639 -0.117507 -3.02522e-13
0.25 -0.00490595 -0.117507 -2.38336e-13
0.26 -0.00555877 -0.117506 -1.71333e-13
0.27 -0.00624405 -0.117506 -1.05494e-13
0.28 -0.00696663 -0.117505 -4.3164e-14
0.29 -0.00773602 -0.117505 1.47663e-14
0.3 -0.00856377 -0.117504 6.8371e-14
0.31 -0.00945901 -0.117503 1.18107e-13
0.32 -0.0104223 -0.117502 1.64259e-13
0.33 -0.0114438 -0.117501 2.06686e-13
0.34 -0.0125117 -0.1175 2.44762e-13
0.35 -0.0136223 -0.117499 2.77369e-13
0.36 -0.0147806 -0.117498 3.03115e-13
0.37 -0.0159901 -0.117497 3.20661e-13
0.38 -0.0172433 -0.117496 3.2894e-13
0.39 -0.0185248 -0.117494 3.27338e-13
0.4 -0.0198256 -0.117493 3.16707e-13
0.41 -0.0211498 -0.117491 2.9786e-13
0.42 -0.0225061 -0.11749 2.6674e-13
0.43 -0.0238971 -0.117488 2.22518e-13
0.44 -0.025316 -0.117486 1.7143e-13
0.45 -0.0267567 -0.117485 1.18704e-13
0.46 -0.028224 -0.117483 6.68287e-14
0.47 -0.0297295 -0.117481 1.66276e-14
0.48 -0.0312792 -0.117479 -2.73207e-14
0.49 -0.0328706 -0.117476 -6.26767e-14
0.5 -0.0344992 -0.117474 -9.39094e-14
0.51 -0.0361609 -0.117472 -1.23997e-13
0.52 -0.0378468 -0.117469 -1.52606e-13
0.53 -0.0395416 -0.117466 -1.77995e-13
0.54 -0.0412383 -0.117464 -1.98425e-13
0.55 -0.042951 -0.117461 -2.12722e-13
0.56 -0.0446973 -0.117458 -2.20269e-13
0.57 -0.04647 -0.117455 -2.20818e-13
0.58 -0.0482459 -0.117452 -2.14358e-13
0.59 -0.0500162 -0.117448 -2.0108e-13
0.6 -0.0517975 -0.117445 -1.81404e-13
0.61 -0.0536173 -0.117441 -1.55992e-13
0.62 -0.0554934 -0.117438 -1.25752e-13
0.63 -0.0574263 -0.117434 -9.18343e-14
0.64 -0.0594072 -0.11743 -5.55751e-14
0.65 -0.0614237 -0.117425 -1.83348e-14
0.66 -0.0634682 -0.117421 1.86206e-14
0.67 -0.0655471 -0.117417 5.40869e-14
0.68 -0.067664 -0.117412 8.69869e-14
0.69 -0.0698033 -0.117407 1.16501e-13
0.7 -0.0719494 -0.117402 1.4203e-13
0.71 -0.0741111 -0.117397 1.63101e-13
0.72 -0.0763203 -0.117391 1.79354e-13
0.73 -0.0786049 -0.117386 1.90508e-13
0.74 -0.0809525 -0.11738 1.96385e-13
0.75 -0.0833146 -0.117374 1.96952e-13
0.76 -0.0856568 -0.117368 1.92297e-13
0.77 -0.0879837 -0.117361 1.82641e-13
0.78 -0.0903169 -0.117355 1.68359e-13
0.79 -0.0926677 -0.117348 1.49962e-13
0.8 -0.0950326 -0.117341 1.28067e-13
0.81 -0.0974149 -0.117334 1.0342e-13
0.82 -0.0998416 -0.117327 7.68521e-14
0.83 -0.102341 -0.117319 4.92235e-14
0.84 -0.104907 -0.117311 2.13681e-14
0.85 -0.107513 -0.117303 -5.92288e-15
0.86 -0.11013 -0.117295 -3.18509e-14
0.87 -0.112711 -0.117286 -5.56562e-14
0.88 -0.115208 -0.117277 -7.67053e-14
0.89 -0.117613 -0.117268 -9.44972e-14
0.9 -0.11997 -0.117259 -1.08631e-13
0.91 -0.122318 -0.11725 -1.18813e-13
0.92 -0.124628 -0.11724 -1.24874e-13
0.93 -0.126818 -0.117231 -1.26795e-13
0.94 -0.128846 -0.117221 -1.24671e-13
0.95 -0.130785 -0.117211 -1.18682e-13
0.96 -0.132777 -0.117201 -1.09139e-13
0.97 -0.134891 -0.11719 -9.64619e-14
0.98 -0.137085 -0.117179 -8.11268e-14
0.99 -0.139294 -0.117168 -6.36581e-14
1 -0.141513 -0.117157 -4.463e-14
1.01 -0.143798 -0.117145 -2.46541e-14
1.02 -0.146202 -0.117133 -4.36875e-15
1.03 -0.148699 -0.117121 1.55734e-14
1.04 -0.151179 -0.117108 3.45269e-14
1.05 -0.153544 -0.117096 5.18955e-14
1.06 -0.15578 -0.117083 6.72269e-14
1.07 -0.157936 -0.11707 8.01789e-14
1.08 -0.160082 -0.117057 9.02742e-14
1.09 -0.162255 -0.117044 9.71143e-14
1.1 -0.16443 -0.117031 1.00726e-13
1.11 -0.166534 -0.117017 1.01205e-13
1.12 -0.168515 -0.117003 9.8567e-14
1.13 -0.170401 -0.116989 9.29434e-14
1.14 -0.172307 -0.116975 8.45688e-14
1.15 -0.174371 -0.116961 7.37507e-14
1.16 -0.176661 -0.116947 6.08595e-14
1.17 -0.179102 -0.116932 4.63171e-14
1.18 -0.181509 -0.116917 3.05837e-14
1.19 -0.183734 -0.116902 1.41426e-14
1.2 -0.185773 -0.116888 -2.51452e-15
1.21 -0.187717 -0.116873 -1.89025e-14
1.22 -0.189665 -0.116858 -3.45572e-14
1.23 -0.191677 -0.116843 -4.9048e-14
1.24 -0.193764 -0.116828 -6.19887e-14
1.25 -0.195905 -0.116813 -7.30475e-14
1.26 -0.19807 -0.116797 -8.19545e-14
1.27 -0.200234 -0.116782 -8.8508e-14
1.28 -0.202367 -0.116767 -9.25789e-14
1.29 -0.204442 -0.116752 -9.41126e-14
1.3 -0.206424 -0.116737 -9.31286e-14
1.31 -0.208283 -0.116722 -8.97185e-14
1.32 -0.210045 -0.116707 -8.4041e-14
1.33 -0.211809 -0.116693 -7.63154e-14
1.34 -0.213683 -0.116678 -6.6814e-14
1.35 -0.21567 -0.116663 -5.58524e-14
1.36 -0.217619 -0.116649 -4.37791e-14
1.37 -0.219366 -0.116634 -3.0964e-14
1.38 -0.220891 -0.116621 -1.77875e-14
1.39 -0.222349 -0.116607 -4.62884e-15
1.4 -0.22395 -0.116593 8.14472e-15
1.41 -0.225732 -0.11658 2.01881e-14
1.42 -0.227474 -0.116566 3.1188e-14
1.43 -0.228941 -0.116553 4.08704e-14
1.44 -0.230113 -0.116541 4.90073e-14
1.45 -0.231176 -0.116529 5.5422e-14
1.46 -0.232349 -0.116517 5.9993e-14
1.47 -0.233656 -0.116505 6.2656e-14
1.48 -0.234878 -0.116493 6.34035e-14
1.49 -0.235772 -0.116482 6.22836e-14
1.5 -0.236273 -0.116472 5.93964e-14
1.51 -0.236476 -0.116462 5.48901e-14
1.52 -0.236487 -0.116453 4.89549e-14
1.53 -0.236314 -0.116444 4.18163e-14
1.54 -0.23591 -0.116436 3.3727e-14
1.55 -0.235283 -0.116428 2.49591e-14
1.56 -0.234508 -0.116421 1.57953e-14
1.57 -0.23367 -0.116414 6.52054e-15
1.58 -0.232885 -0.116407 -2.58659e-15
1.59 -0.232298 -0.116401 -1.12619e-14
1.6 -0.231979 -0.116395 -1.92628e-14
1.61 -0.231769 -0.116389 -2.63752e-14
1.62 -0.231346 -0.116384 -3.24184e-14
1.63 -0.230611 -0.11638 -3.7252e-14
1.64 -0.229874 -0.116376 -4.07765e-14
1.65 -0.229493 -0.116373 -4.29297e-14
1.66 -0.229487 -0.116369 -4.36918e-14
1.67 -0.229547 -0.116366 -4.30885e-14
1.68 -0.229367 -0.116364 -4.11857e-14
1.69 -0.228899 -0.116362 -3.80869e-14
1.7 -0.228273 -0.116361 -3.3928e-14
1.71 -0.227549 -0.11636 -2.88727e-14
1.72 -0.226699 -0.11636 -2.31063e-14
1.73 -0.225758 -0.116361 -1.68303e-14
1.74 -0.224859 -0.116362 -1.02557e-14
1.75 -0.224159 -0.116363 -3.59635e-15
1.76 -0.22378 -0.116365 2.93772e-15
1.77 -0.223764 -0.116367 9.14597e-15
1.78 -0.224012 -0.116369 1.48432e-14
1.79 -0.224276 -0.116371 1.98645e-14
1.8 -0.224354 -0.116374 2.40698e-14
1.81 -0.224279 -0.116378 2.73473e-14
1.82 -0.224232 -0.116382 2.96158e-14
1.83 -0.224302 -0.116387 3.08239e-14
1.84 -0.224392 -0.116391 3.09559e-14
1.85 -0.224277 -0.116397 3.003e-14
1.86 -0.223762 -0.116403 2.80892e-14
1.87 -0.22284 -0.11641 2.52144e-14
1.88 -0.221686 -0.116417 2.15231e-14
1.89 -0.220506 -0.116425 1.71394e-14
1.9 -0.219411 -0.116433 1.2186e-14
1.91 -0.2184 -0.116441 6.82898e-15
1.92 -0.217414 -0.11645 1.24885e-15
1.93 -0.216421 -0.116459 -4.38602e-15
1.94 -0.21548 -0.116469 -9.91357e-15
1.95 -0.214675 -0.116478 -1.52222e-14
1.96 -0.21404 -0.116488 -2.01851e-14
1.97 -0.213558 -0.116498 -2.46723e-14
1.98 -0.213169 -0.116509 -2.85639e-14
1.99 -0.212812 -0.116519 -3.17213e-14
2 -0.212432 -0.11653 -3.40784e-14
2.01 -0.211918 -0.116542 -3.56179e-14
2.02 -0.211072 -0.116554 -3.63264e-14
2.03 -0.209682 -0.116566 -3.6216e-14
2.04 -0.207672 -0.116579 -3.5323e-14
2.05 -0.205188 -0.116593 -3.37071e-14
2.06 -0.202482 -0.116607 -3.14489e-14
2.07 -0.199745 -0.116622 -2.86471e-14
2.08 -0.197047 -0.116636 -2.54153e-14
2.09 -0.194408 -0.116651 -2.18783e-14
2.1 -0.191906 -0.116666 -1.81684e-14
2.11 -0.189672 -0.116681 -1.44213e-14
2.12 -0.187776 -0.116696 -1.07723e-14
2.13 -0.186188 -0.116711 -7.35302e-15
2.14 -0.18481 -0.116726 -4.28739e-15
2.15 -0.183487 -0.116741 -1.68821e-15
2.16 -0.18209 -0.116756 3.45085e-16
2.17 -0.180613 -0.116772 1.72744e-15
2.18 -0.179217 -0.116788 2.39131e-15
2.19 -0.178101 -0.116803 2.28878e-15
2.2 -0.177287 -0.116819 1.38202e-15
2.21 -0.176613 -0.116834 -3.10125e-16
2.22 -0.175876 -0.11685 -2.7493e-15
2.23 -0.174962 -0.116866 -5.96255e-15
2.24 -0.173911 -0.116882 -9.93e-15
2.25 -0.172885 -0.116898 -1.45318e-14
2.26 -0.172088 -0.116914 -1.9653e-14
2.27 -0.171683 -0.116929 -2.52062e-14
2.28 -0.171718 -0.116945 -3.10939e-14
2.29 -0.172125 -0.11696 -3.72161e-14
2.3 -0.172801 -0.116975 -4.34738e-14
2.31 -0.173642 -0.11699 -4.97558e-14
2.32 -0.1745 -0.117004 -5.59669e-14
2.33 -0.175217 -0.117019 -6.2056e-14
2.34 -0.175709 -0.117034 -6.7963e-14
2.35 -0.175991 -0.117048 -7.36119e-14
2.36 -0.176117 -0.117063 -7.89466e-14
2.37 -0.176126 -0.117078 -8.39254e-14
2.38 -0.176022 -0.117092 -8.85186e-14
2.39 -0.175771 -0.117106 -9.27042e-14
2.4 -0.17526 -0.117121 -9.64754e-14
2.41 -0.174263 -0.117135 -9.9842e-14
2.42 -0.172568 -0.117149 -1.02823e-13
2.43 -0.170232 -0.117164 -1.05457e-13
2.44 -0.167646 -0.117179 -1.07805e-13
2.45 -0.165238 -0.117193 -1.09903e-13
2.46 -0.163154 -0.117206 -1.11768e-13
2.47 -0.161262 -0.117219 -1.1343e-13
2.48 -0.159364 -0.117232 -1.14938e-13
2.49 -0.157351 -0.117244 -1.16358e-13
2.5 -0.155192 -0.117256 -1.1776e-13
2.51 -0.152911 -0.117268 -1.19193e-13
2.52 -0.150614 -0.117279 -1.20701e-13
2.53 -0.148446 -0.11729 -1.2232e-13
2.54 -0.146476 -0.117301 -1.24076e-13
2.55 -0.144686 -0.11731 -1.25985e-13
2.56 -0.143017 -0.117319 -1.28054e-13
2.57 -0.141441 -0.117328 -1.30278e-13
2.58 -0.140001 -0.117336 -1.32643e-13
2.59 -0.138716 -0.117344 -1.35124e-13
2.6 -0.137518 -0.117351 -1.37689e-13
2.61 -0.136344 -0.117357 -1.40299e-13
2.62 -0.135255 -0.117363 -1.42906e-13
2.63 -0.134336 -0.117368 -1.4546e-13
2.64 -0.13351 -0.117373 -1.47907e-13
2.65 -0.132521 -0.117377 -1.5019e-13
2.66 -0.131161 -0.117381 -1.52255e-13
2.67 -0.129512 -0.117385 -1.54046e-13
2.68 -0.127933 -0.117388 -1.55511e-13
2.69 -0.126747 -0.117391 -1.56605e-13
2.7 -0.125968 -0.117392 -1.57288e-13
2.71 -0.125306 -0.117393 -1.57527e-13
2.72 -0.124363 -0.117394 -1.57296e-13
2.73 -0.122932 -0.117395 -1.5658e-13
2.74 -0.121234 -0.117395 -1.55371e-13
2.75 -0.119759 -0.117395 -1.53674e-13
2.76 -0.118801 -0.117394 -1.51499e-13
2.77 -0.118302 -0.117392 -1.4887e-13
2.78 -0.118206 -0.117389 -1.45816e-13
2.79 -0.118662 -0.117385 -1.42374e-13
2.8 -0.11973 -0.117381 -1.3859e-13
2.81 -0.121141 -0.117376 -1.34512e-13
2.82 -0.122461 -0.11737 -1.30193e-13
2.83 -0.123399 -0.117365 -1.25687e-13
2.84 -0.123965 -0.117359 -1.21046e-13
2.85 -0.124361 -0.117353 -1.16327e-13
2.86 -0.124801 -0.117346 -1.11584e-13
2.87 -0.12551 -0.117339 -1.06868e-13
2.88 -0.126642 -0.117331 -1.02229e-13
2.89 -0.128085 -0.117323 -9.77101e-14
2.9 -0.129527 -0.117314 -9.33485e-14
2.91 -0.130769 -0.117305 -8.91766e-14
2.92 -0.131888 -0.117296 -8.52194e-14
2.93 -0.133058 -0.117286 -8.14954e-14
2.94 -0.134305 -0.117276 -7.80157e-14
2.95 -0.135522 -0.117266 -7.47849e-14
2.96 -0.136632 -0.117256 -7.1801e-14
2.97 -0.137557 -0.117245 -6.90561e-14
2.98 -0.138114 -0.117234 -6.65368e-14
2.99 -0.138083 -0.117224 -6.42246e-14
3 -0.137367 -0.117214 -6.20977e-14
3.01 -0.136032 -0.117204 -6.01313e-14
3.02 -0.134197 -0.117194 -5.82988e-14
3.03 -0.131901 -0.117185 -5.65727e-14
3.04 -0.129112 -0.117175 -5.49259e-14
3.05 -0.125925 -0.117166 -5.33322e-14
3.06 -0.122599 -0.117157 -5.17672e-14
3.07 -0.119267 -0.117148 -5.0209e-14
3.08 -0.115808 -0.117139 -4.8639e-14
3.09 -0.112077 -0.11713 -4.70429e-14
3.1 -0.108083 -0.117122 -4.54128e-14
3.11 -0.10402 -0.117113 -4.37509e-14
3.12 -0.10016 -0.117105 -4.20659e-14
3.13 -0.0966229 -0.117096 -4.03642e-14
3.14 -0.0933674 -0.117087 -3.86537e-14
3.15 -0.0903197 -0.117079 -3.69484e-14
3.16 -0.0873971 -0.11707 -3.52696e-14
3.17 -0.0845353 -0.117062 -3.36456e-14
3.18 -0.0817044 -0.117054 -3.20966e-14
3.19 -0.0788392 -0.117046 -3.0641e-14
3.2 -0.0758026 -0.117039 -2.93103e-14
3.21 -0.0724174 -0.117032 -2.81295e-14
3.22 -0.0685294 -0.117026 -2.71085e-14
3.23 -0.0641288 -0.117021 -2.62802e-14
3.24 -0.0593976 -0.117017 -2.56609e-14
3.25 -0.0546309 -0.117013 -2.52317e-14
3.26 -0.0502261 -0.117009 -2.50169e-14
3.27 -0.0466288 -0.117005 -2.5049e-14
3.28 -0.0440954 -0.117001 -2.53304e-14
3.29 -0.0424967 -0.116997 -2.58595e-14
3.3 -0.0413421 -0.116992 -2.66302e-14
3.31 -0.0399847 -0.116989 -2.76321e-14
3.32 -0.0378817 -0.116987 -2.8851e-14
3.33 -0.0347857 -0.116985 -3.02689e-14
3.34 -0.0307773 -0.116986 -3.18657e-14
3.35 -0.0261598 -0.116987 -3.36188e-14
3.36 -0.0213607 -0.116989 -3.55034e-14
3.37 -0.0168364 -0.116991 -3.74929e-14
3.38 -0.0128708 -0.116994 -3.95591e-14
3.39 -0.00940628 -0.116997 -4.16734e-14
3.4 -0.00610915 -0.117 -4.38077e-14
3.41 -0.00260184 -0.117004 -4.59349e-14
3.42 0.00135282 -0.117009 -4.80284e-14
3.43 0.00577564 -0.117015 -5.00654e-14
3.44 0.0105133 -0.117022 -5.20276e-14
3.45 0.0153817 -0.117029 -5.38985e-14
3.46 0.020232 -0.117038 -5.56631e-14
3.47 0.0249415 -0.117047 -5.73098e-14
3.48 0.0294734 -0.117056 -5.88299e-14
3.49 0.0339317 -0.117066 -6.0218e-14
3.5 0.0385211 -0.117077 -6.14721e-14
3.51 0.0434589 -0.117088 -6.2594e-14
3.52 0.0488561 -0.117101 -6.35885e-14
3.53 0.0546328 -0.117115 -6.44625e-14
3.54 0.0605825 -0.117129 -6.52252e-14
3.55 0.066501 -0.117144 -6.58885e-14
3.56 0.0722631 -0.11716 -6.6466e-14
3.57 0.0778551 -0.117177 -6.69724e-14
3.58 0.0833766 -0.117194 -6.74228e-14
3.59 0.0890362 -0.117211 -6.78328e-14
3.6 0.09506 -0.11723 -6.82173e-14
3.61 0.101506 -0.11725 -6.85905e-14
3.62 0.108202 -0.117271 -6.89653e-14
3.63 0.114877 -0.117293 -6.93535e-14
3.64 0.121392 -0.117315 -6.97663e-14
3.65 0.127851 -0.117338 -7.02133e-14
3.66 0.134463 -0.117362 -7.07014e-14
3.67 0.141427 -0.117387 -7.12351e-14
3.68 0.148909 -0.117413 -7.18177e-14
3.69 0.15683 -0.11744 -7.24514e-14
3.7 0.164723 -0.117468 -7.31362e-14
3.71 0.171988 -0.117497 -7.38693e-14
3.72 0.178193 -0.117525 -7.46465e-14
3.73 0.183234 -0.117554 -7.54627e-14
3.74 0.187427 -0.117582 -7.6313e-14
3.75 0.191279 -0.117611 -7.71912e-14
3.76 0.19509 -0.117641 -7.80902e-14
3.77 0.198938 -0.117672 -7.90023e-14
3.78 0.202854 -0.117704 -7.99192e-14
3.79 0.206811 -0.117736 -8.08319e-14
3.8 0.210707 -0.117769 -8.17327e-14
3.81 0.214518 -0.117803 -8.26166e-14
3.82 0.21849 -0.117838 -8.34809e-14
3.83 0.223075 -0.117874 -8.43242e-14
3.84 0.228437 -0.117912 -8.5146e-14
3.85 0.234046 -0.117951 -8.59471e-14
3.86 0.239179 -0.11799 -8.67292e-14
3.87 0.24366 -0.118029 -8.74966e-14
3.88 0.247785 -0.118068 -8.82582e-14
3.89 0.251818 -0.118108 -8.90253e-14
3.9 0.255771 -0.118149 -8.98035e-14
3.91 0.259581 -0.11819 -9.05899e-14
3.92 0.263403 -0.118232 -9.13782e-14
3.93 0.267585 -0.118275 -9.21667e-14
3.94 0.272399 -0.118319 -9.29603e-14
3.95 0.278005 -0.118363 -9.37687e-14
3.96 0.284532 -0.118409 -9.46025e-14
3.97 0.291954 -0.118457 -9.54692e-14
3.98 0.300054 -0.118505 -9.6372e-14
3.99 0.308613 -0.118554 -9.73096e-14
4 0.317532 -0.118603 -9.82818e-14
4.01 0.326816 -0.118653 -9.92935e-14
4.02 0.336404 -0.118704 -1.00341e-13
4.03 0.345962 -0.118755 -1.01408e-13
4.04 0.355021 -0.118805 -1.02473e-13
4.05 0.363262 -0.118855 -1.03526e-13
4.06 0.370613 -0.118905 -1.04565e-13
4.07 0.377258 -0.118954 -1.05586e-13
4.08 0.383629 -0.119003 -1.06579e-13
4.09 0.390333 -0.119052 -1.07552e-13
4.1 0.397938 -0.119101 -1.08502e-13
4.11 0.406713 -0.119152 -1.09372e-13
4.12 0.416533 -0.119203 -1.10639e-13
4.13 0.426994 -0.119254 -1.12817e-13
4.14 0.437614 -0.119306 -1.1538e-13
4.15 0.447958 -0.119356 -1.17785e-13
4.16 0.457678 -0.119406 -1.20004e-13
4.17 0.466545 -0.119455 -1.22051e-13
4.18 0.474505 -0.119503 -1.23963e-13
4.19 0.481788 -0.119549 -1.25772e-13
4.2 0.488839 -0.119595 -1.27479e-13
4.21 0.496022 -0.119641 -1.2906e-13
4.22 0.503391 -0.119686 -1.30482e-13
4.23 0.510797 -0.11973 -1.3172e-13
4.24 0.518119 -0.119774 -1.32763e-13
4.25 0.525362 -0.119817 -1.33611e-13
4.26 0.53262 -0.119859 -1.3427e-13
4.27 0.539972 -0.1199 -1.34741e-13
4.28 0.547441 -0.119941 -1.35027e-13
4.29 0.555062 -0.119981 -1.3513e-13
4.3 0.562853 -0.12002 -1.35053e-13
4.31 0.570663 -0.120058 -1.34802e-13
4.32 0.578189 -0.120095 -1.34387e-13
4.33 0.585182 -0.120131 -1.33816e-13
4.34 0.591649 -0.120166 -1.33101e-13
4.35 0.597884 -0.120199 -1.32253e-13
4.36 0.604199 -0.120231 -1.31285e-13
4.37 0.610613 -0.120263 -1.30207e-13
4.38 0.616952 -0.120293 -1.29032e-13
4.39 0.623186 -0.120322 -1.27773e-13
4.4 0.629574 -0.120351 -1.26447e-13
4.41 0.636441 -0.120379 -1.25085e-13
4.42 0.643911 -0.120406 -1.23741e-13
4.43 0.651874 -0.120433 -1.22438e-13
4.44 0.660166 -0.120459 -1.21134e-13
4.45 0.668723 -0.120484 -1.19787e-13
4.46 0.6775 -0.120509 -1.18397e-13
4.47 0.686286 -0.120532 -1.17009e-13
4.48 0.694797 -0.120555 -1.15674e-13
4.49 0.703013 -0.120576 -1.14432e-13
4.5 0.711234 -0.120597 -1.13269e-13
4.51 0.719784 -0.120617 -1.12123e-13
4.52 0.728779 -0.120636 -1.10981e-13
4.53 0.738228 -0.120655 -1.09927e-13
4.54 0.748246 -0.120674 -1.09081e-13
4.55 0.758957 -0.120693 -1.08523e-13
4.56 0.770214 -0.120712 -1.08265e-13
4.57 0.781622 -0.12073 -1.08265e-13
4.58 0.792833 -0.120747 -1.08472e-13
4.59 0.80368 -0.120764 -1.08857e-13
4.6 0.814102 -0.12078 -1.09423e-13
4.61 0.824101 -0.120795 -1.102e-13
4.62 0.83382 -0.12081 -1.11222e-13
4.63 0.84348 -0.120824 -1.12513e-13
4.64 0.85315 -0.120838 -1.14082e-13
4.65 0.862591 -0.120851 -1.15922e-13
4.66 0.871322 -0.120864 -1.18016e-13
4.67 0.878926 -0.120875 -1.20345e-13
4.68 0.885383 -0.120886 -1.22889e-13
4.69 0.891052 -0.120896 -1.2563e-13
4.7 0.896374 -0.120905 -1.28552e-13
4.71 0.901668 -0.120915 -1.31642e-13
4.72 0.907066 -0.120924 -1.34887e-13
4.73 0.91241 -0.120933 -1.38274e-13
4.74 0.917339 -0.120943 -1.41789e-13
4.75 0.921591 -0.120951 -1.45418e-13
4.76 0.92511 -0.120959 -1.49144e-13
4.77 0.927976 -0.120967 -1.52947e-13
4.78 0.930338 -0.120974 -1.56803e-13
4.79 0.932349 -0.120981 -1.6069e-13
4.8 0.934167 -0.120988 -1.64586e-13
4.81 0.935904 -0.120996 -1.6847e-13
4.82 0.937502 -0.121003 -1.7232e-13
4.83 0.938881 -0.12101 -1.76116e-13
4.84 0.940314 -0.121018 -1.79837e-13
4.85 0.942273 -0.121025 -1.83462e-13
4.86 0.944858 -0.121034 -1.86967e-13
4.87 0.947629 -0.121043 -1.90331e-13
4.88 0.949992 -0.121052 -1.93529e-13
4.89 0.9517 -0.12106 -1.9654e-13
4.9 0.953028 -0.121068 -1.9934e-13
4.91 0.954355 -0.121077 -2.01908e-13
4.92 0.955616 -0.121086 -2.04221e-13
4.93 0.95632 -0.121094 -2.06259e-13
4.94 0.956044 -0.121102 -2.08001e-13
4.95 0.954763 -0.121109 -2.09426e-13
4.96 0.952844 -0.121116 -2.10517e-13
4.97 0.95091 -0.121123 -2.11253e-13
4.98 0.949549 -0.12113 -2.11619e-13
4.99 0.948877 -0.121138 -2.11597e-13
5 0.948336 -0.121146 -2.11173e-13
5.01 0.94713 -0.121154 -2.10335e-13
5.02 0.944953 -0.121161 -2.09071e-13
5.03 0.942167 -0.121168 -2.07373e-13
5.04 0.939297 -0.121174 -2.05233e-13
5.05 0.936505 -0.121181 -2.02662e-13
5.06 0.933536 -0.121187 -1.99655e-13
5.07 0.929905 -0.121193 -1.96209e-13
5.08 0.925147 -0.121198 -1.92352e-13
5.09 0.919023 -0.121202 -1.88066e-13
5.1 0.911522 -0.121205 -1.83326e-13
5.11 0.902796 -0.121207 -1.78165e-13
5.12 0.893085 -0.121207 -1.72609e-13
5.13 0.882555 -0.121207 -1.66668e-13
5.14 0.871312 -0.121206 -1.60334e-13
5.15 0.859564 -0.121204 -1.53601e-13
5.16 0.847492 -0.121202 -1.46529e-13
5.17 0.83496 -0.121199 -1.39178e-13
5.18 0.821577 -0.121194 -1.31569e-13
5.19 0.806944 -0.121188 -1.23729e-13
5.2 0.790851 -0.121181 -1.15687e-13
5.21 0.773561 -0.121171 -1.07414e-13
5.22 0.755975 -0.121161 -9.89857e-14
5.23 0.739338 -0.121151 -9.05891e-14
5.24 0.724585 -0.121141 -8.22278e-14
5.25 0.71196 -0.121131 -7.38439e-14
5.26 0.701163 -0.121122 -6.54603e-14
5.27 0.691727 -0.121113 -5.70979e-14
5.28 0.683239 -0.121104 -4.87801e-14
5.29 0.675341 -0.121094 -4.0542e-14
5.3 0.667668 -0.121082 -3.24242e-14
5.31 0.659907 -0.12107 -2.4456e-14
5.32 0.652002 -0.121056 -1.66651e-14
5.33 0.644266 -0.121041 -9.07998e-15
5.34 0.637252 -0.121026 -1.72105e-15
5.35 0.631545 -0.12101 5.39274e-15
5.36 0.627607 -0.120994 1.22353e-14
5.37 0.625463 -0.120978 1.87812e-14
5.38 0.624462 -0.120961 2.50094e-14
5.39 0.623773 -0.120943 3.09005e-14
5.4 0.623117 -0.120924 3.64359e-14
5.41 0.62267 -0.120904 4.15992e-14
5.42 0.622416 -0.120882 4.6376e-14
5.43 0.621819 -0.120859 5.07539e-14
5.44 0.620233 -0.120834 5.4722e-14
5.45 0.617583 -0.120806 5.82717e-14
5.46 0.614365 -0.120776 6.1409e-14
5.47 0.611017 -0.120745 6.39982e-14
5.48 0.607608 -0.120713 6.55926e-14
5.49 0.603989 -0.120679 6.55483e-14
5.5 0.599906 -0.120643 6.33038e-14
5.51 0.594991 -0.120605 5.87372e-14
5.52 0.588836 -0.120564 5.23305e-14
5.53 0.5812 -0.120521 4.48996e-14
5.54 0.572115 -0.120475 3.71783e-14
5.55 0.561682 -0.120427 2.94021e-14
5.56 0.549765 -0.120376 2.11731e-14
5.57 0.536177 -0.120322 1.1565e-14
5.58 0.52119 -0.120266 -6.07719e-16
5.59 0.505565 -0.120208 -1.64848e-14
5.6 0.48995 -0.120147 -3.6931e-14
5.61 0.474442 -0.120086 -6.22534e-14
5.62 0.458778 -0.120022 -9.2049e-14
5.63 0.44277 -0.119957 -1.25141e-13
5.64 0.426413 -0.119889 -1.59738e-13
5.65 0.409683 -0.11982 -1.93811e-13
5.66 0.392498 -0.119749 -2.25546e-13
5.67 0.374928 -0.119675 -2.53643e-13
5.68 0.357329 -0.1196 -2.77404e-13
5.69 0.340127 -0.119524 -2.96728e-13
5.7 0.323504 -0.119446 -3.11927e-13
5.71 0.307363 -0.119367 -3.23358e-13
5.72 0.291595 -0.119287 -3.31167e-13
5.73 0.276314 -0.119206 -3.35245e-13
5.74 0.261805 -0.119123 -3.35252e-13
5.75 0.248201 -0.11904 -3.30731e-13
5.76 0.235252 -0.118957 -3.21332e-13
5.77 0.22245 -0.118872 -3.06855e-13
5.78 0.209295 -0.118785 -2.87204e-13
5.79 0.195377 -0.118697 -2.62624e-13
5.8 0.180396 -0.118607 -2.33816e-13
5.81 0.164239 -0.118516 -2.02106e-13
5.82 0.14693 -0.118422 -1.69506e-13
5.83 0.12856 -0.118328 -1.38508e-13
5.84 0.109359 -0.118232 -1.11675e-13
5.85 0.0899204 -0.118135 -9.16613e-14
5.86 0.0711481 -0.118038 -8.07534e-14
5.87 0.0537072 -0.117942 -7.96337e-14
5.88 0.0375654 -0.117847 -8.76516e-14
5.89 0.0222001 -0.117752 -1.03497e-13
5.9 0.00718557 -0.117658 -1.25282e-13
5.91 -0.00753332 -0.117563 -1.50594e-13
5.92 -0.0217349 -0.11747 -1.76857e-13
5.93 -0.0349679 -0.117378 -2.02044e-13
5.94 -0.0465112 -0.117287 -2.24933e-13
5.95 -0.0556549 -0.117199 -2.44839e-13
5.96 -0.0622345 -0.117114 -2.61409e-13
5.97 -0.0667438 -0.117031 -2.73939e-13
5.98 -0.0699392 -0.11695 -2.80808e-13
5.99 -0.0725083 -0.116871 -2.799e-13
6 -0.075025 -0.116794 -2.69457e-13
6.01 -0.0779435 -0.116718 -2.48963e-13
6.02 -0.0813603 -0.116643 -2.1948e-13
6.03 -0.0846891 -0.116571 -1.83254e-13
6.04 -0.0869352 -0.116501 -1.42813e-13
6.05 -0.0876088 -0.116434 -1.0039e-13
6.06 -0.08723 -0.11637 -5.78635e-14
6.07 -0.0869438 -0.116309 -1.67973e-14
6.08 -0.0879069 -0.116249 2.1571e-14
6.09 -0.0909869 -0.11619 5.63367e-14
6.1 -0.096615 -0.116132 8.59892e-14
6.11 -0.104645 -0.116075 1.09144e-13
6.12 -0.114355 -0.116019 1.26136e-13
6.13 -0.124724 -0.115965 1.37313e-13
6.14 -0.13481 -0.115915 1.4248e-13
6.15 -0.143849 -0.115867 1.41983e-13
6.16 -0.151255 -0.115824 1.3648e-13
6.17 -0.15674 -0.115785 1.26542e-13
6.18 -0.1603 -0.115749 1.12442e-13
6.19 -0.16184 -0.115718 9.42471e-14
6.2 -0.160812 -0.115692 7.20847e-14
6.21 -0.156413 -0.11567 4.63502e-14
6.22 -0.148248 -0.115654 1.77559e-14
6.23 -0.136779 -0.115643 -1.2764e-14
6.24 -0.123071 -0.115636 -4.4199e-14
6.25 -0.108008 -0.115633 -7.55742e-14
6.26 -0.0918026 -0.115633 -1.06005e-13
6.27 -0.0742175 -0.115636 -1.34707e-13
6.28 -0.0550314 -0.115643 -1.60987e-13
6.29 -0.0341827 -0.115653 -1.84246e-13
6.3 -0.0116778 -0.115667 -2.0399e-13
6.31 0.0123605 -0.115685 -2.19837e-13
6.32 0.037362 -0.115705 -2.31537e-13
6.33 0.0619928 -0.115727 -2.3897e-13
6.34 0.0844066 -0.11575 -2.42143e-13
6.35 0.103055 -0.115773 -2.41181e-13
6.36 0.117248 -0.115794 -2.36319e-13
6.37 0.127009 -0.115813 -2.27885e-13
6.38 0.132667 -0.115832 -2.16292e-13
6.39 0.134619 -0.11585 -2.02007e-13
6.4 0.133278 -0.115866 -1.85579e-13
6.41 0.129238 -0.115883 -1.67657e-13
6.42 0.12359 -0.1159 -1.48859e-13
6.43 0.118133 -0.115918 -1.29766e-13
6.44 0.115045 -0.115939 -1.10974e-13
6.45 0.116081 -0.115964 -9.30638e-14
6.46 0.12203 -0.115994 -7.65746e-14
6.47 0.132805 -0.116029 -6.1981e-14
6.48 0.14776 -0.116068 -4.96723e-14
6.49 0.166036 -0.11611 -3.99401e-14
6.5 0.186797 -0.116156 -3.2987e-14
6.51 0.209068 -0.116203 -2.89333e-14
6.52 0.231645 -0.116252 -2.77928e-14
6.53 0.253436 -0.116302 -2.94721e-14
6.54 0.273617 -0.116352 -3.37906e-14
6.55 0.291524 -0.116402 -4.04871e-14
6.56 0.306714 -0.116451 -4.92276e-14
6.57 0.319094 -0.1165 -5.96179e-14
6.58 0.328953 -0.116548 -7.12189e-14
6.59 0.336978 -0.116597 -8.35563e-14
6.6 0.344058 -0.116646 -9.61344e-14
6.61 0.350766 -0.116697 -1.08453e-13
6.62 0.356984 -0.11675 -1.2003e-13
6.63 0.36194 -0.116804 -1.30426e-13
6.64 0.364676 -0.116858 -1.39223e-13
6.65 0.364723 -0.116912 -1.45976e-13
6.66 0.362363 -0.116967 -1.50347e-13
6.67 0.358417 -0.117022 -1.52124e-13
6.68 0.353876 -0.11708 -1.51109e-13
6.69 0.349626 -0.11714 -1.4718e-13
6.7 0.346628 -0.117203 -1.40322e-13
6.71 0.346209 -0.11727 -1.30585e-13
6.72 0.34974 -0.117343 -1.1807e-13
6.73 0.357757 -0.117422 -1.02946e-13
6.74 0.369323 -0.117506 -8.54742e-14
6.75 0.382193 -0.117594 -6.59631e-14
6.76 0.393847 -0.117684 -4.46767e-14
6.77 0.402706 -0.117774 -2.19663e-14
6.78 0.408356 -0.117865 1.646e-15
6.79 0.410903 -0.117957 2.57109e-14
6.8 0.410367 -0.11805 4.98623e-14
6.81 0.406558 -0.118143 7.37146e-14
6.82 0.399257 -0.118236 9.68983e-14
6.83 0.38834 -0.118329 1.19063e-13
6.84 0.373876 -0.118423 1.39894e-13
6.85 0.356235 -0.118516 1.59124e-13
6.86 0.336194 -0.118611 1.76536e-13
6.87 0.314951 -0.118706 1.9197e-13
6.88 0.293903 -0.118804 2.0533e-13
6.89 0.274329 -0.118905 2.16581e-13
6.9 0.257216 -0.11901 2.25732e-13
6.91 0.242997 -0.119119 2.32846e-13
6.92 0.231076 -0.11923 2.38035e-13
6.93 0.219754 -0.119344 2.41452e-13
6.94 0.20705 -0.119458 2.43287e-13
6.95 0.191872 -0.119571 2.43754e-13
6.96 0.17433 -0.119683 2.43087e-13
6.97 0.154978 -0.119795 2.41531e-13
6.98 0.133921 -0.119905 2.39332e-13
6.99 0.110655 -0.120013 2.36729e-13
7 0.0847081 -0.120119 2.33948e-13
7.01 0.056166 -0.120221 2.31195e-13
7.02 0.0254512 -0.120321 2.28652e-13
7.03 -0.00688475 -0.120418 2.26466e-13
7.04 -0.0397961 -0.120513 2.24752e-13
7.05 -0.0713866 -0.120606 2.23589e-13
7.06 -0.0993022 -0.120698 2.23015e-13
7.07 -0.121614 -0.120791 2.23032e-13
7.08 -0.137343 -0.120884 2.23604e-13
7.09 -0.146404 -0.120978 2.24664e-13
7.1 -0.149405 -0.121071 2.26111e-13
7.11 -0.147694 -0.121163 2.2781e-13
7.12 -0.143284 -0.121253 2.29609e-13
7.13 -0.138299 -0.121338 2.31339e-13
7.14 -0.134356 -0.121417 2.32827e-13
7.15 -0.132427 -0.121489 2.33896e-13
7.16 -0.13307 -0.121553 2.34372e-13
7.17 -0.136406 -0.12161 2.34088e-13
7.18 -0.141985 -0.121659 2.32897e-13
7.19 -0.149098 -0.1217 2.30669e-13
7.2 -0.157279 -0.121734 2.273e-13
7.21 -0.16642 -0.121761 2.22716e-13
7.22 -0.176567 -0.12178 2.16875e-13
7.23 -0.187732 -0.121791 2.09769e-13
7.24 -0.199823 -0.121794 2.01423e-13
7.25 -0.212634 -0.121788 1.919e-13
7.26 -0.225914 -0.121775 1.81295e-13
7.27 -0.239521 -0.121754 1.69734e-13
7.28 -0.253671 -0.121724 1.57373e-13
7.29 -0.269097 -0.121685 1.44393e-13
7.3 -0.286734 -0.121636 1.30996e-13
7.31 -0.307154 -0.121578 1.17401e-13
7.32 -0.330366 -0.121508 1.03835e-13
7.33 -0.355993 -0.121429 9.05302e-14
7.34 -0.383532 -0.12134 7.77202e-14
7.35 -0.412534 -0.121241 6.56317e-14
7.36 -0.442677 -0.121133 5.44806e-14
7.37 -0.473801 -0.121016 4.44663e-14
7.38 -0.505775 -0.120889 3.57684e-14
7.39 -0.538294 -0.120753 2.85427e-14
7.4 -0.571042 -0.120608 2.29186e-14
7.41 -0.604008 -0.120455 1.8996e-14
7.42 -0.637428 -0.120292 1.68451e-14
7.43 -0.671536 -0.120121 1.6505e-14
7.44 -0.706576 -0.11994 1.79827e-14
7.45 -0.742891 -0.11975 2.12533e-14
7.46 -0.780759 -0.119551 2.62642e-14
7.47 -0.820069 -0.119343 3.29364e-14
7.48 -0.860203 -0.119126 4.11675e-14
7.49 -0.900536 -0.118902 5.08346e-14
7.5 -0.941284 -0.118669 6.17978e-14
7.51 -0.983652 -0.118428 7.39043e-14
7.52 -1.02896 -0.118177 8.69925e-14
7.53 -1.0777 -0.117917 1.00896e-13
7.54 -1.12943 -0.117648 1.15446e-13
7.55 -1.18357 -0.117371 1.30478e-13
7.56 -1.23983 -0.117086 1.45834e-13
7.57 -1.29815 -0.116793 1.61363e-13
7.58 -1.35821 -0.116493 1.76928e-13
7.59 -1.4191 -0.116187 1.92405e-13
7.6 -1.4798 -0.115875 2.07684e-13
7.61 -1.5396 -0.115558 2.22675e-13
7.62 -1.59812 -0.115237 2.373e-13
7.63 -1.65481 -0.114912 2.51501e-13
7.64 -1.70873 -0.114585 2.65235e-13
7.65 -1.7587 -0.114256 2.78473e-13
7.66 -1.80389 -0.113926 2.91201e-13
7.67 -1.84413 -0.113596 3.03415e-13
7.68 -1.87987 -0.113267 3.15121e-13
7.69 -1.91193 -0.112937 3.26332e-13
7.7 -1.94118 -0.112608 3.37065e-13
7.71 -1.96826 -0.112279 3.47341e-13
7.72 -1.99347 -0.111951 3.57178e-13
7.73 -2.01695 -0.111623 3.66594e-13
7.74 -2.0389 -0.111296 3.75601e-13
7.75 -2.05964 -0.110971 3.84206e-13
7.76 -2.0795 -0.110646 3.92409e-13
7.77 -2.09892 -0.110324 4.00203e-13
7.78 -2.11876 -0.110002 4.07568e-13
7.79 -2.14049 -0.109682 4.14477e-13
7.8 -2.16565 -0.109361 4.20893e-13
7.81 -2.1952 -0.10904 4.26771e-13
7.82 -2.22958 -0.108719 4.3206e-13
7.83 -2.26886 -0.108398 4.367e-13
7.84 -2.31276 -0.108078 4.40627e-13
7.85 -2.36062 -0.107759 4.43776e-13
7.86 -2.41133 -0.107443 4.4608e-13
7.87 -2.46365 -0.10713 4.47473e-13
7.88 -2.51677 -0.106822 4.47893e-13
7.89 -2.57021 -0.106519 4.47283e-13
7.9 -2.6234 -0.106222 4.45593e-13
7.91 -2.67546 -0.105931 4.42783e-13
7.92 -2.72544 -0.105648 4.38826e-13
7.93 -2.77285 -0.105373 4.33704e-13
7.94 -2.8179 -0.105105 4.27415e-13
7.95 -2.86147 -0.104845 4.1997e-13
7.96 -2.90473 -0.104592 4.11397e-13
7.97 -2.94879 -0.104345 4.01736e-13
7.98 -2.99441 -0.104103 3.91043e-13
7.99 -3.04165 -0.103867 3.7939e-13
8 -3.0897 -0.103636 3.66858e-13
8.01 -3.13713 -0.103413 3.53543e-13
8.02 -3.18233 -0.103198 3.39549e-13
8.03 -3.2239 -0.102992 3.2499e-13
8.04 -3.26109 -0.102796 3.09986e-13
8.05 -3.29396 -0.102609 2.94661e-13
8.06 -3.32319 -0.102431 2.79143e-13
8.07 -3.34978 -0.102261 2.63556e-13
8.08 -3.3747 -0.102098 2.48026e-13
8.09 -3.39851 -0.101942 2.32674e-13
8.1 -3.42129 -0.101793 2.17613e-13
8.11 -3.4431 -0.10165 2.02949e-13
8.12 -3.46451 -0.101513 1.88781e-13
8.13 -3.48651 -0.101382 1.75194e-13
8.14 -3.50971 -0.101255 1.62264e-13
8.15 -3.53373 -0.101133 1.50052e-13
8.16 -3.55715 -0.101016 1.3861e-13
8.17 -3.57847 -0.100905 1.27974e-13
8.18 -3.59703 -0.100802 1.18169e-13
8.19 -3.61316 -0.100705 1.09208e-13
8.2 -3.62759 -0.100614 1.01091e-13
8.21 -3.6409 -0.100527 9.38101e-14
8.22 -3.65328 -0.100446 8.73445e-14
8.23 -3.66432 -0.10037 8.1667e-14
8.24 -3.67313 -0.1003 7.67432e-14
8.25 -3.67853 -0.100236 7.25323e-14
8.26 -3.67954 -0.10018 6.89894e-14
8.27 -3.67564 -0.100131 6.60669e-14
8.28 -3.66683 -0.100089 6.37154e-14
8.29 -3.65333 -0.100055 6.18852e-14
8.3 -3.63546 -0.100028 6.05282e-14
8.31 -3.61346 -0.100007 5.95994e-14
8.32 -3.58748 -0.0999942 5.90563e-14
8.33 -3.55769 -0.099988 5.88579e-14
8.34 -3.5246 -0.0999885 5.89674e-14
8.35 -3.48925 -0.099995 5.93519e-14
8.36 -3.45298 -0.100007 5.99821e-14
8.37 -3.41703 -0.100023 6.08329e-14
8.38 -3.38199 -0.100043 6.18858e-14
8.39 -3.34753 -0.100068 6.31278e-14
8.4 -3.3128 -0.100098 6.45468e-14
8.41 -3.27684 -0.100134 6.6129e-14
8.42 -3.23887 -0.100178 6.78647e-14
8.43 -3.19833 -0.100229 6.97481e-14
8.44 -3.1549 -0.100288 7.17704e-14
8.45 -3.10821 -0.100355 7.39233e-14
8.46 -3.05796 -0.100432 7.62019e-14
8.47 -3.00416 -0.100518 7.86028e-14
8.48 -2.94719 -0.100613 8.11174e-14
8.49 -2.88797 -0.100716 8.37307e-14
8.5 -2.82788 -0.100828 8.64258e-14
8.51 -2.76823 -0.100947 8.91873e-14
8.52 -2.7098 -0.101072 9.19957e-14
8.53 -2.65266 -0.101204 9.48298e-14
8.54 -2.59628 -0.101344 9.76661e-14
8.55 -2.53968 -0.101493 1.0048e-13
8.56 -2.48179 -0.10165 1.03251e-13
8.57 -2.42171 -0.101818 1.05956e-13
8.58 -2.35871 -0.101996 1.08555e-13
8.59 -2.29242 -0.102186 1.11016e-13
8.6 -2.22273 -0.102387 1.13319e-13
8.61 -2.14956 -0.102599 1.15446e-13
8.62 -2.07285 -0.102823 1.17379e-13
8.63 -1.99244 -0.10306 1.19096e-13
8.64 -1.90802 -0.103308 1.20579e-13
8.65 -1.81925 -0.103569 1.21815e-13
8.66 -1.72607 -0.103843 1.22801e-13
8.67 -1.62876 -0.10413 1.23537e-13
8.68 -1.52787 -0.104429 1.24029e-13
8.69 -1.42387 -0.10474 1.24286e-13
8.7 -1.31723 -0.105063 1.24327e-13
8.71 -1.20862 -0.105398 1.2417e-13
8.72 -1.09902 -0.105743 1.23841e-13
8.73 -0.989374 -0.106099 1.2337e-13
8.74 -0.880058 -0.106465 1.22786e-13
8.75 -0.770733 -0.10684 1.22126e-13
8.76 -0.660769 -0.107227 1.21427e-13
8.77 -0.549895 -0.107625 1.20727e-13
8.78 -0.438659 -0.108033 1.20066e-13
8.79 -0.328504 -0.108451 1.19486e-13
8.8 -0.221283 -0.108878 1.19024e-13
8.81 -0.118523 -0.109313 1.1872e-13
8.82 -0.0209738 -0.109755 1.18609e-13
8.83 0.0714091 -0.110203 1.34598e-13
8.84 0.159235 -0.110657 1.82466e-13
8.85 0.243275 -0.111119 2.45962e-13
8.86 0.324075 -0.111587 3.08615e-13
8.87 0.401833 -0.112062 3.69775e-13
8.88 0.476539 -0.112544 4.29002e-13
8.89 0.548303 -0.113033 4.86364e-13
8.9 0.617694 -0.11353 5.42479e-13
8.91 0.68567 -0.114034 5.9824e-13
8.92 0.753194 -0.114547 6.54386e-13
8.93 0.821001 -0.11507 7.11172e-13
8.94 0.889694 -0.115602 7.68279e-13
8.95 0.960036 -0.116144 8.24974e-13
8.96 1.03303 -0.116697 8.80378e-13
8.97 1.1094 -0.11726 9.33725e-13
8.98 1.18911 -0.117833 9.84501e-13
8.99 1.27151 -0.118416 1.03247e-12
9 1.35567 -0.119007 1.07761e-12
9.01 1.44055 -0.119606 1.12e-12
9.02 1.52535 -0.120212 1.15977e-12
9.03 1.60953 -0.120824 1.19702e-12
9.04 1.6928 -0.121443 1.23178e-12
9.05 1.77504 -0.122067 1.26402e-12
9.06 1.85652 -0.122696 1.29367e-12
9.07 1.93792 -0.123331 1.32061e-12
9.08 2.02027 -0.123972 1.34473e-12
9.09 2.10475 -0.124619 1.36594e-12
9.1 2.19223 -0.125273 1.38418e-12
9.11 2.28306 -0.125934 1.39945e-12
9.12 2.37686 -0.126601 1.41179e-12
9.13 2.4727 -0.127273 1.42131e-12
9.14 2.56956 -0.127949 1.42816e-12
9.15 2.66654 -0.128628 1.4325e-12
9.16 2.76263 -0.129309 1.4345e-12
9.17 2.85661 -0.12999 1.43437e-12
9.18 2.94726 -0.13067 1.43225e-12
9.19 3.03383 -0.131347 1.42832e-12
9.2 3.11674 -0.132022 1.42272e-12
9.21 3.19749 -0.132694 1.4156e-12
9.22 3.27757 -0.133365 1.40708e-12
9.23 3.35764 -0.134033 1.3973e-12
9.24 3.43745 -0.1347 1.3864e-12
9.25 3.5162 -0.135362 1.37451e-12
9.26 3.59304 -0.136019 1.36177e-12
9.27 3.66748 -0.13667 1.34831e-12
9.28 3.73929 -0.137313 1.33426e-12
9.29 3.80851 -0.137949 1.31976e-12
9.3 3.87569 -0.138576 1.30489e-12
9.31 3.94192 -0.139195 1.28975e-12
9.32 4.00828 -0.139806 1.27441e-12
9.33 4.0751 -0.140408 1.25894e-12
9.34 4.14188 -0.141 1.24339e-12
9.35 4.20768 -0.141581 1.22784e-12
9.36 4.27157 -0.14215 1.21234e-12
9.37 4.33265 -0.142703 1.19695e-12
9.38 4.39005 -0.143241 1.18173e-12
9.39 4.4429 -0.143761 1.16676e-12
9.4 4.4904 -0.144263 1.15209e-12
9.41 4.5318 -0.144744 1.13782e-12
9.42 4.56645 -0.145204 1.12403e-12
9.43 4.59392 -0.145641 1.1108e-12
9.44 4.61421 -0.146057 1.09825e-12
9.45 4.62793 -0.146449 1.08647e-12
9.46 4.63636 -0.146818 1.07558e-12
9.47 4.641 -0.147165 1.0657e-12
9.48 4.64295 -0.147489 1.05698e-12
9.49 4.64276 -0.147791 1.04954e-12
9.5 4.64063 -0.14807 1.04354e-12
9.51 4.6366 -0.148325 1.03913e-12
9.52 4.63074 -0.148556 1.03646e-12
9.53 4.6232 -0.148763 1.03569e-12
9.54 4.61421 -0.148946 1.037e-12
9.55 4.60408 -0.149104 1.04053e-12
9.56 4.59307 -0.149237 1.04646e-12
9.57 4.58113 -0.149345 1.05494e-12
9.58 4.56747 -0.149427 1.06612e-12
9.59 4.55077 -0.149483 1.08016e-12
9.6 4.52984 -0.14951 1.09718e-12
9.61 4.50394 -0.149509 1.11732e-12
9.62 4.47277 -0.14948 1.14069e-12
9.63 4.43627 -0.149422 1.16742e-12
9.64 4.39439 -0.149336 1.19759e-12
9.65 4.34711 -0.149221 1.23128e-12
9.66 4.29454 -0.149078 1.26857e-12
9.67 4.23687 -0.148908 1.30952e-12
9.68 4.17442 -0.148711 1.35416e-12
9.69 4.10772 -0.148486 1.40253e-12
9.7 4.03743 -0.148236 1.45463e-12
9.71 3.96413 -0.147961 1.51045e-12
9.72 3.88817 -0.147662 1.56999e-12
9.73 3.80956 -0.147339 1.63323e-12
9.74 3.7281 -0.146992 1.70013e-12
9.75 3.64338 -0.146621 1.77062e-12
9.76 3.55475 -0.146228 1.84464e-12
9.77 3.46157 -0.145811 1.92209e-12
9.78 3.36349 -0.14537 2.00287e-12
9.79 3.26072 -0.144908 2.08687e-12
9.8 3.15401 -0.144424 2.17397e-12
9.81 3.04453 -0.143921 2.26405e-12
9.82 2.93351 -0.143399 2.35696e-12
9.83 2.82216 -0.142861 2.45253e-12
9.84 2.7116 -0.142307 2.55059e-12
9.85 2.60267 -0.141738 2.65096e-12
9.86 2.49595 -0.141157 2.75345e-12
9.87 2.39184 -0.140563 2.85787e-12
9.88 2.29069 -0.139958 2.964e-12
9.89 2.19267 -0.139342 3.0716e-12
9.9 2.09767 -0.138716 3.18044e-12
9.91 2.00533 -0.138081 3.29024e-12
9.92 1.91528 -0.137436 3.40075e-12
9.93 1.82734 -0.136783 3.51169e-12
9.94 1.74148 -0.136122 3.62276e-12
9.95 1.65747 -0.135452 3.73369e-12
9.96 1.57444 -0.134775 3.84415e-12
9.97 1.49093 -0.13409 3.95384e-12
9.98 1.40549 -0.133396 4.06243e-12
9.99 1.31717 -0.132693 4.1696e-12
10 1.22582 -0.131981 4.27502e-12
